1 10 20
100 200 125
201 210 89
900 1000 174
321805 435873 449
350223 443989 449
307270 406854 441
174180 75727 383
333661 414997 449
92865 225458 386
123481 342452 443
49846 336306 443
244843 113871 443
492840 455248 444
275017 473 443
195252 358624 443
16199 23424 279
234158 253104 381
288437 181281 443
269799 466657 449
264584 254206 407
11625 26475 282
125247 326690 443
104166 151163 375
251573 205958 443
54675 349889 443
363424 273851 441
440077 63267 449
175198 113250 383
50505 379497 443
399721 346065 436
353625 481890 449
170583 7483 383
4278 287425 443
385535 148102 443
270668 497037 449
375360 184019 443
388536 146288 443
266235 155820 443
485541 196685 449
383284 356196 423
80678 336932 443
241909 438223 449
156951 313418 443
59408 463497 449
137814 449167 449
199030 350864 443
305658 92255 443
385066 280289 441
350191 414446 449
7354 213222 383
80732 484793 449
261755 260192 332
328131 276333 389
442484 172116 449
272439 39458 443
318248 278622 389
127587 369105 443
433117 23642 449
145665 79957 375
188250 411126 449
325701 284076 389
217095 42285 386
2088 412042 449
266057 313073 407
201345 120170 383
300857 210421 443
138863 286257 443
462564 84073 449
105733 369259 443
157745 398763 443
213443 494322 449
130220 280243 443
366242 14986 443
152171 14272 375
399278 291162 441
364075 133781 443
222246 284684 443
303187 20234 443
355763 355220 379
221622 129408 386
484182 233721 449
489767 372853 449
375921 440649 449
110742 263821 443
267599 461019 449
492793 22565 449
351989 201411 443
466124 206482 449
22588 295220 443
260451 292028 407
39961 357039 443
374638 287555 441
129059 208186 383
156954 320006 443
405032 60581 443
495021 129205 449
382368 400214 436
234912 126612 443
285738 142759 443
137273 411525 449
484666 464632 413
129371 30385 354
30759 230506 386
337748 413928 449
356129 267677 441
11738 397138 443
67455 153806 375
470853 263108 449
410884 343016 449
112125 459891 449
365409 377005 423
254769 21643 443
200835 140875 383
424663 242435 449
312349 395213 441
76010 470263 449
388065 39200 443
459904 407304 449
126251 494892 449
213817 327351 443
499482 475855 426
166943 24299 383
366939 242682 441
484799 403506 449
234913 479408 449
174324 145300 383
353853 299446 441
272505 357677 441
253209 16788 443
244143 137764 443
478242 224526 449
112399 67739 354
252769 462328 449
316185 234451 407
239334 450695 449
383938 170729 443
271838 316009 389
438257 366561 449
453506 188033 449
168949 476483 449
482554 460296 444
134152 63825 354
251491 382631 441
168394 423677 449
32800 209448 383
226477 478058 449
38765 409165 443
492561 119964 449
491453 332766 449
225681 487165 449
60064 51763 340
79569 449099 449
189873 437313 449
13223 482514 449
30307 254834 443
341867 28129 443
315632 160341 443
467794 304841 449
19713 396512 443
470593 413483 444
395056 379143 436
50732 8556 324
446355 317841 449
367080 433994 449
313268 102247 443
114160 244256 443
258025 252799 363
163540 89806 383
465064 131225 449
246060 181211 443
483645 281043 449
324153 55698 443
494078 26601 449
304638 308642 371
210713 148857 383
189232 12646 383
206756 258359 443
369391 124734 443
369592 417166 449
